
 *******************************************************************************

         NASA-GLENN CHEMICAL EQUILIBRIUM PROGRAM CEA2, MAY 21, 2004
                   BY  BONNIE MCBRIDE AND SANFORD GORDON
      REFS: NASA RP-1311, PART I, 1994 AND NASA RP-1311, PART II, 1996

 *******************************************************************************



 problem   case=rocket1 o/f=6.5,
 #info preceded by "#" are not used and so notes may be made.
     rocket  tcest,k=3800
   p,psia=425,
   sup,ae/at=5,10,15
 react
   oxid=N2O wt=2  t,f=70
   fuel=HTPB  wt=1  t,f=70
     h,kj/mol=51.88  C 200 H 302 O 2
 end

 OPTIONS: TP=F  HP=F  SP=F  TV=F  UV=F  SV=F  DETN=F  SHOCK=F  REFL=F  INCD=F
 RKT=T  FROZ=F  EQL=F  IONS=F  SIUNIT=T  DEBUGF=F  SHKDBG=F  DETDBG=F  TRNSPT=F

 TRACE= 0.00E+00  S/R= 0.000000E+00  H/R= 0.000000E+00  U/R= 0.000000E+00

 Pc,BAR =    29.302604

 Pc/P =

 SUBSONIC AREA RATIOS =

 SUPERSONIC AREA RATIOS =     5.0000    10.0000    15.0000

 NFZ=  1  Mdot/Ac= 0.000000E+00  Ac/At= 0.000000E+00

    REACTANT          WT.FRAC   (ENERGY/R),K   TEMP,K  DENSITY
        EXPLODED FORMULA
 O: N2O              1.000000   0.979614E+04   294.26  0.0000
          N  2.00000  O  1.00000
 F: HTPB             1.000000   0.623969E+04   294.26  0.0000
          C ********  H ********  O  2.00000

  SPECIES BEING CONSIDERED IN THIS SYSTEM
 (CONDENSED PHASE MAY HAVE NAME LISTED SEVERAL TIMES)
  LAST thermo.inp UPDATE:    9/09/04

  g 7/97  *C               tpis79  *CH              g 4/02  CH2            
  g 4/02  CH3              g11/00  CH2OH            g 7/00  CH3O           
  g 8/99  CH4              g 7/00  CH3OH            srd 01  CH3OOH         
  g 8/99  *CN              g12/99  CNN              tpis79  *CO            
  g 9/99  *CO2             tpis91  COOH             tpis91  *C2            
  g 6/01  C2H              g 1/91  C2H2,acetylene   g 5/01  C2H2,vinylidene
  g 4/02  CH2CO,ketene     g 3/02  O(CH)2O          srd 01  HO(CO)2OH      
  g 7/01  C2H3,vinyl       g 9/00  CH3CN            g 6/96  CH3CO,acetyl   
  g 1/00  C2H4             g 8/88  C2H4O,ethylen-o  g 8/88  CH3CHO,ethanal 
  g 6/00  CH3COOH          srd 01  OHCH2COOH        g 7/00  C2H5           
  g 7/00  C2H6             g 8/88  CH3N2CH3         g 8/88  C2H5OH         
  g 7/00  CH3OCH3          srd 01  CH3O2CH3         g 7/00  CCN            
  tpis91  CNC              srd 01  OCCN             tpis79  C2N2           
  g 8/00  C2O              tpis79  *C3              n 4/98  C3H3,1-propynl 
  n 4/98  C3H3,2-propynl   g 2/00  C3H4,allene      g 1/00  C3H4,propyne   
  g 5/90  C3H4,cyclo-      g 3/01  C3H5,allyl       g 2/00  C3H6,propylene 
  g 1/00  C3H6,cyclo-      g 6/01  C3H6O,propylox   g 6/97  C3H6O,acetone  
  g 1/02  C3H6O,propanal   g 7/01  C3H7,n-propyl    g 9/85  C3H7,i-propyl  
  g 2/00  C3H8             g 2/00  C3H8O,1propanol  g 2/00  C3H8O,2propanol
  srd 01  CNCOCN           g 7/88  C3O2             g tpis  *C4            
  g 7/01  C4H2,butadiyne   g 8/00  C4H4,1,3-cyclo-  n10/92  C4H6,butadiene 
  n10/93  C4H6,1butyne     n10/93  C4H6,2butyne     g 8/00  C4H6,cyclo-    
  n 4/88  C4H8,1-butene    n 4/88  C4H8,cis2-buten  n 4/88  C4H8,tr2-butene
  n 4/88  C4H8,isobutene   g 8/00  C4H8,cyclo-      g10/00  (CH3COOH)2     
  n10/84  C4H9,n-butyl     n10/84  C4H9,i-butyl     g 1/93  C4H9,s-butyl   
  g 1/93  C4H9,t-butyl     g12/00  C4H10,n-butane   g 8/00  C4H10,isobutane
  g 6/01  C4N2             g 8/00  *C5              g 5/90  C5H6,1,3cyclo- 
  g 1/93  C5H8,cyclo-      n 4/87  C5H10,1-pentene  g 2/01  C5H10,cyclo-   
  n10/84  C5H11,pentyl     g 1/93  C5H11,t-pentyl   n10/85  C5H12,n-pentane
  n10/85  C5H12,i-pentane  n10/85  CH3C(CH3)2CH3    g 2/93  C6H2           
  g11/00  C6H5,phenyl      g 8/00  C6H5O,phenoxy    g 8/00  C6H6           
  g 8/00  C6H5OH,phenol    g 1/93  C6H10,cyclo-     n 4/87  C6H12,1-hexene 
  g 6/90  C6H12,cyclo-     n10/83  C6H13,n-hexyl    g 6/01  C6H14,n-hexane 
  g 7/01  C7H7,benzyl      g 1/93  C7H8             g12/00  C7H8O,cresol-mx
  n 4/87  C7H14,1-heptene  n10/83  C7H15,n-heptyl   n10/85  C7H16,n-heptane
  n10/85  C7H16,2-methylh  n 4/89  C8H8,styrene     n10/86  C8H10,ethylbenz
  n 4/87  C8H16,1-octene   n10/83  C8H17,n-octyl    n 4/85  C8H18,n-octane 
  n 4/85  C8H18,isooctane  n10/83  C9H19,n-nonyl    g 3/01  C10H8,naphthale
  n10/83  C10H21,n-decyl   g 8/00  C12H9,o-bipheny  g 8/00  C12H10,biphenyl
  g 6/97  *H               g 6/01  HCN              g 1/01  HCO            
  tpis89  HCCN             g 6/01  HCCO             g 6/01  HNC            
  g 7/00  HNCO             g10/01  HNO              tpis89  HNO2           
  g 5/99  HNO3             g 4/02  HO2              tpis78  *H2            
  g 5/01  HCHO,formaldehy  g 6/01  HCOOH            g 8/89  H2O            
  g 6/99  H2O2             g 6/01  (HCOOH)2         g 5/97  *N             
  g 6/01  NCO              g 4/99  *NH              g 3/01  NH2            
  tpis89  NH3              tpis89  NH2OH            tpis89  *NO            
  g 4/99  NO2              j12/64  NO3              tpis78  *N2            
  g 6/01  NCN              g 5/99  N2H2             tpis89  NH2NO2         
  g 4/99  N2H4             g 4/99  N2O              g 4/99  N2O3           
  tpis89  N2O4             g 4/99  N2O5             tpis89  N3             
  g 4/99  N3H              g 5/97  *O               g 4/02  *OH            
  tpis89  *O2              g 8/01  O3               n 4/83  C(gr)          
  n 4/83  C(gr)            n 4/83  C(gr)            g11/99  H2O(cr)        
  g 8/01  H2O(L)           g 8/01  H2O(L)         

 O/F =   6.500000

                       EFFECTIVE FUEL     EFFECTIVE OXIDANT        MIXTURE
 ENTHALPY                  h(2)/R              h(1)/R               h0/R
 (KG-MOL)(K)/KG        0.22784775E+01      0.22257486E+03      0.19320200E+03

 KG-FORM.WT./KG             bi(2)               bi(1)               b0i
  *N                   0.00000000E+00      0.45441326E-01      0.39382483E-01
  *O                   0.73031704E-03      0.22720663E-01      0.19788617E-01
  *C                   0.73031704E-01      0.00000000E+00      0.97375605E-02
  *H                   0.11027787E+00      0.00000000E+00      0.14703716E-01

 POINT ITN      T            N           O           C           H 

   1   23    3373.177     -13.060     -16.153     -15.731     -10.563






           THEORETICAL ROCKET PERFORMANCE ASSUMING FROZEN COMPOSITION

 Pin =   425.0 PSIA
 CASE = rocket1        

             REACTANT                    WT FRACTION      ENERGY      TEMP
                                          (SEE NOTE)     KJ/KG-MOL      K  
 OXIDANT     N2O                          1.0000000     81450.126    294.261
 FUEL        HTPB                         1.0000000     51880.000    294.261

 O/F=    6.50000  %FUEL= 13.333333  R,EQ.RATIO= 1.355677  PHI,EQ.RATIO= 1.357436

                 CHAMBER   THROAT     EXIT     EXIT     EXIT
 Pinf/P            1.0000   1.8038   35.960   96.640   170.59
 P, BAR            29.303   16.245  0.81487  0.30321  0.17177
 T, K             3373.18  2996.59  1606.44  1291.21  1134.35
 RHO, KG/CU M    2.7310 0 1.7043 0 1.5947-1 7.3824-2 4.7605-2
 H, KJ/KG         1606.38  1009.41 -1121.03 -1575.13 -1794.10
 U, KJ/KG          533.41   56.226 -1632.02 -1985.85 -2154.93
 G, KJ/KG        -32042.0 -28882.4 -17145.7 -14455.3 -13109.6
 S, KJ/(KG)(K)     9.9753   9.9753   9.9753   9.9753   9.9753

 M, (1/n)          26.139   26.139   26.139   26.139   26.139
 Cp, KJ/(KG)(K)    1.5924   1.5775   1.4657   1.4124   1.3786
 GAMMAs            1.2496   1.2526   1.2772   1.2907   1.2999
 SON VEL,M/SEC     1157.9   1092.7    807.9    728.1    684.9
 MACH NUMBER        0.000    1.000    2.891    3.465    3.808

 PERFORMANCE PARAMETERS

 Ae/At                      1.0000   5.0000   10.000   15.000
 CSTAR, M/SEC               1573.5   1573.5   1573.5   1573.5
 CF                         0.6944   1.4843   1.6031   1.6573
 Ivac, M/SEC                1965.0   2554.3   2685.3   2746.2
 Isp, M/SEC                 1092.7   2335.6   2522.5   2607.9

 MOLE FRACTIONS

 *CO             0.17972   *CO2            0.07480   *H              0.01608
 HNO             0.00001   HO2             0.00002   *H2             0.03934
 H2O             0.13233   *N              0.00002   *NO             0.01065
 *N2             0.50936   *O              0.00555   *OH             0.02487
 *O2             0.00723

  * THERMODYNAMIC PROPERTIES FITTED TO 20000.K

    PRODUCTS WHICH WERE CONSIDERED BUT WHOSE MOLE FRACTIONS
    WERE LESS THAN 5.000000E-06 FOR ALL ASSIGNED CONDITIONS



 NOTE. WEIGHT FRACTION OF FUEL IN TOTAL FUELS AND OF OXIDANT IN TOTAL OXIDANTS



